2019-06-29T12:47:20.846109Z 0 [Warning] TIMESTAMP with implicit DEFAULT value is deprecated. Please use --explicit_defaults_for_timestamp server option (see documentation for more details).
2019-06-29T12:47:21.705070Z 0 [Note] /usr/sbin/mysqld (mysqld 5.7.23) starting as process 22 ...
2019-06-29T12:47:24.848935Z 0 [Note] InnoDB: PUNCH HOLE support available
2019-06-29T12:47:24.849123Z 0 [Note] InnoDB: Mutexes and rw_locks use GCC atomic builtins
2019-06-29T12:47:24.849282Z 0 [Note] InnoDB: Uses event mutexes
2019-06-29T12:47:24.849462Z 0 [Note] InnoDB: GCC builtin __atomic_thread_fence() is used for memory barrier
2019-06-29T12:47:24.849619Z 0 [Note] InnoDB: Compressed tables use zlib 1.2.3
2019-06-29T12:47:24.849818Z 0 [Note] InnoDB: Using Linux native AIO
2019-06-29T12:47:24.947151Z 0 [Note] InnoDB: Number of pools: 1
2019-06-29T12:47:25.230396Z 0 [Note] InnoDB: Using CPU crc32 instructions
2019-06-29T12:47:25.282637Z 0 [Note] InnoDB: Initializing buffer pool, total size = 32M, instances = 1, chunk size = 32M
2019-06-29T12:47:25.358899Z 0 [Note] InnoDB: Completed initialization of buffer pool
2019-06-29T12:47:25.390996Z 0 [Note] InnoDB: If the mysqld execution user is authorized, page cleaner thread priority can be changed. See the man page of setpriority().
2019-06-29T12:47:25.823436Z 0 [Note] InnoDB: Highest supported file format is Barracuda.
2019-06-29T12:47:26.253395Z 0 [Note] InnoDB: Log scan progressed past the checkpoint lsn 2588963
2019-06-29T12:47:26.253566Z 0 [Note] InnoDB: Doing recovery: scanned up to log sequence number 2591784
2019-06-29T12:47:26.381041Z 0 [Note] InnoDB: Database was not shutdown normally!
2019-06-29T12:47:26.381245Z 0 [Note] InnoDB: Starting crash recovery.
2019-06-29T12:47:32.144447Z 0 [Note] InnoDB: Starting an apply batch of log records to the database...
InnoDB: Progress in percent: 27 28 29 30 31 32 33 34 35 36 37 38 39 40 41 42 43 44 45 46 47 48 49 50 51 52 53 54 55 56 57 58 59 60 61 62 63 64 65 66 67 68 69 70 71 72 73 74 75 76 77 78 79 80 81 82 83 84 85 86 87 88 89 90 91 92 93 94 95 96 97 98 99 
2019-06-29T12:47:32.702923Z 0 [Note] InnoDB: Apply batch completed
2019-06-29T12:47:39.048899Z 0 [Note] InnoDB: Removed temporary tablespace data file: "ibtmp1"
2019-06-29T12:47:39.049091Z 0 [Note] InnoDB: Creating shared tablespace for temporary tables
2019-06-29T12:47:39.049225Z 0 [Note] InnoDB: Setting file './ibtmp1' size to 12 MB. Physically writing the file full; Please wait ...
2019-06-29T12:47:41.491582Z 0 [Note] InnoDB: File './ibtmp1' size is now 12 MB.
2019-06-29T12:47:41.492301Z 0 [Note] InnoDB: 96 redo rollback segment(s) found. 96 redo rollback segment(s) are active.
2019-06-29T12:47:41.492396Z 0 [Note] InnoDB: 32 non-redo rollback segment(s) are active.
2019-06-29T12:47:41.495892Z 0 [Note] InnoDB: Waiting for purge to start
2019-06-29T12:47:41.547345Z 0 [Note] InnoDB: page_cleaner: 1000ms intended loop took 16157ms. The settings might not be optimal. (flushed=0 and evicted=0, during the time.)
2019-06-29T12:47:41.547394Z 0 [Note] InnoDB: 5.7.23 started; log sequence number 2591784
2019-06-29T12:47:41.550904Z 0 [Note] InnoDB: Loading buffer pool(s) from /var/lib/mysql/ib_buffer_pool
2019-06-29T12:47:41.807255Z 0 [Note] Plugin 'FEDERATED' is disabled.
2019-06-29T12:47:43.097251Z 0 [Warning] Failed to set up SSL because of the following SSL library error: SSL context is not usable without certificate and private key
2019-06-29T12:47:43.097506Z 0 [Note] Server hostname (bind-address): '*'; port: 3306
2019-06-29T12:47:43.097363Z 0 [Note] InnoDB: Buffer pool(s) load completed at 190629 12:47:43
2019-06-29T12:47:43.353824Z 0 [Note] IPv6 is available.
2019-06-29T12:47:43.354151Z 0 [Note]   - '::' resolves to '::';
2019-06-29T12:47:43.354291Z 0 [Note] Server socket created on IP: '::'.
2019-06-29T12:47:43.488465Z 0 [Warning] Insecure configuration for --pid-file: Location '/var/run/mysqld' in the path is accessible to all OS users. Consider choosing a different directory.
2019-06-29T12:47:45.603159Z 0 [ERROR] /usr/sbin/mysqld: Table './mysql/user' is marked as crashed and should be repaired
2019-06-29T12:47:45.604965Z 0 [Warning] Checking table:   './mysql/user'
2019-06-29T12:47:45.605060Z 0 [ERROR] 1 client is using or hasn't closed the table properly
2019-06-29T12:47:45.728371Z 0 [Warning] 'user' entry 'root@localhost' ignored in --skip-name-resolve mode.
2019-06-29T12:47:45.728564Z 0 [Warning] 'user' entry 'mysql.session@localhost' ignored in --skip-name-resolve mode.
2019-06-29T12:47:45.728711Z 0 [Warning] 'user' entry 'mysql.sys@localhost' ignored in --skip-name-resolve mode.
2019-06-29T12:47:45.766776Z 0 [Warning] 'db' entry 'performance_schema mysql.session@localhost' ignored in --skip-name-resolve mode.
2019-06-29T12:47:45.766937Z 0 [Warning] 'db' entry 'sys mysql.sys@localhost' ignored in --skip-name-resolve mode.
2019-06-29T12:47:45.768695Z 0 [Warning] 'proxies_priv' entry '@ root@localhost' ignored in --skip-name-resolve mode.
2019-06-29T12:47:45.926031Z 0 [Warning] 'tables_priv' entry 'user mysql.session@localhost' ignored in --skip-name-resolve mode.
2019-06-29T12:47:45.926159Z 0 [Warning] 'tables_priv' entry 'sys_config mysql.sys@localhost' ignored in --skip-name-resolve mode.
2019-06-29T12:47:46.592063Z 0 [Note] Event Scheduler: Loaded 0 events
2019-06-29T12:47:46.595309Z 0 [Note] /usr/sbin/mysqld: ready for connections.
Version: '5.7.23'  socket: '/var/run/mysqld/mysqld.sock'  port: 3306  MySQL Community Server (GPL)
2019-06-29T12:48:01.163847Z 4 [ERROR] /usr/sbin/mysqld: Table './mysql/proc' is marked as crashed and should be repaired
2019-06-29T12:48:01.164104Z 4 [Warning] Checking table:   './mysql/proc'
2019-06-29T12:48:01.394255Z 6 [Warning] 'user' entry 'root@localhost' ignored in --skip-name-resolve mode.
2019-06-29T12:48:01.394425Z 6 [Warning] 'user' entry 'mysql.session@localhost' ignored in --skip-name-resolve mode.
2019-06-29T12:48:01.394556Z 6 [Warning] 'user' entry 'mysql.sys@localhost' ignored in --skip-name-resolve mode.
2019-06-29T12:48:01.395265Z 6 [Warning] 'db' entry 'performance_schema mysql.session@localhost' ignored in --skip-name-resolve mode.
2019-06-29T12:48:01.395584Z 6 [Warning] 'db' entry 'sys mysql.sys@localhost' ignored in --skip-name-resolve mode.
2019-06-29T12:48:01.395696Z 6 [Warning] 'proxies_priv' entry '@ root@localhost' ignored in --skip-name-resolve mode.
2019-06-29T12:48:01.395983Z 6 [Warning] 'tables_priv' entry 'user mysql.session@localhost' ignored in --skip-name-resolve mode.
2019-06-29T12:48:01.396150Z 6 [Warning] 'tables_priv' entry 'sys_config mysql.sys@localhost' ignored in --skip-name-resolve mode.
2019-06-29T13:40:55.065699Z 0 [Note] Giving 0 client threads a chance to die gracefully
2019-06-29T13:40:55.065835Z 0 [Note] Shutting down slave threads
2019-06-29T13:40:55.065913Z 0 [Note] Forcefully disconnecting 0 remaining clients
2019-06-29T13:40:55.065992Z 0 [Note] Event Scheduler: Purging the queue. 0 events
2019-06-29T13:40:55.074166Z 0 [Note] Binlog end
2019-06-29T13:40:55.074755Z 0 [Note] Shutting down plugin 'ngram'
2019-06-29T13:40:55.074909Z 0 [Note] Shutting down plugin 'partition'
2019-06-29T13:40:55.074957Z 0 [Note] Shutting down plugin 'BLACKHOLE'
2019-06-29T13:40:55.075060Z 0 [Note] Shutting down plugin 'ARCHIVE'
2019-06-29T13:40:55.075191Z 0 [Note] Shutting down plugin 'PERFORMANCE_SCHEMA'
2019-06-29T13:40:55.075315Z 0 [Note] Shutting down plugin 'MRG_MYISAM'
2019-06-29T13:40:55.075435Z 0 [Note] Shutting down plugin 'MyISAM'
2019-06-29T13:40:55.075556Z 0 [Note] Shutting down plugin 'INNODB_SYS_VIRTUAL'
2019-06-29T13:40:55.075668Z 0 [Note] Shutting down plugin 'INNODB_SYS_DATAFILES'
2019-06-29T13:40:55.075781Z 0 [Note] Shutting down plugin 'INNODB_SYS_TABLESPACES'
2019-06-29T13:40:55.075895Z 0 [Note] Shutting down plugin 'INNODB_SYS_FOREIGN_COLS'
2019-06-29T13:40:55.075961Z 0 [Note] Shutting down plugin 'INNODB_SYS_FOREIGN'
2019-06-29T13:40:55.076068Z 0 [Note] Shutting down plugin 'INNODB_SYS_FIELDS'
2019-06-29T13:40:55.076182Z 0 [Note] Shutting down plugin 'INNODB_SYS_COLUMNS'
2019-06-29T13:40:55.076288Z 0 [Note] Shutting down plugin 'INNODB_SYS_INDEXES'
2019-06-29T13:40:55.076376Z 0 [Note] Shutting down plugin 'INNODB_SYS_TABLESTATS'
2019-06-29T13:40:55.076494Z 0 [Note] Shutting down plugin 'INNODB_SYS_TABLES'
2019-06-29T13:40:55.076580Z 0 [Note] Shutting down plugin 'INNODB_FT_INDEX_TABLE'
2019-06-29T13:40:55.076664Z 0 [Note] Shutting down plugin 'INNODB_FT_INDEX_CACHE'
2019-06-29T13:40:55.076749Z 0 [Note] Shutting down plugin 'INNODB_FT_CONFIG'
2019-06-29T13:40:55.076795Z 0 [Note] Shutting down plugin 'INNODB_FT_BEING_DELETED'
2019-06-29T13:40:55.076841Z 0 [Note] Shutting down plugin 'INNODB_FT_DELETED'
2019-06-29T13:40:55.076887Z 0 [Note] Shutting down plugin 'INNODB_FT_DEFAULT_STOPWORD'
2019-06-29T13:40:55.076933Z 0 [Note] Shutting down plugin 'INNODB_METRICS'
2019-06-29T13:40:55.077037Z 0 [Note] Shutting down plugin 'INNODB_TEMP_TABLE_INFO'
2019-06-29T13:40:55.077086Z 0 [Note] Shutting down plugin 'INNODB_BUFFER_POOL_STATS'
2019-06-29T13:40:55.077132Z 0 [Note] Shutting down plugin 'INNODB_BUFFER_PAGE_LRU'
2019-06-29T13:40:55.077178Z 0 [Note] Shutting down plugin 'INNODB_BUFFER_PAGE'
2019-06-29T13:40:55.077224Z 0 [Note] Shutting down plugin 'INNODB_CMP_PER_INDEX_RESET'
2019-06-29T13:40:55.077270Z 0 [Note] Shutting down plugin 'INNODB_CMP_PER_INDEX'
2019-06-29T13:40:55.077315Z 0 [Note] Shutting down plugin 'INNODB_CMPMEM_RESET'
2019-06-29T13:40:55.077361Z 0 [Note] Shutting down plugin 'INNODB_CMPMEM'
2019-06-29T13:40:55.077406Z 0 [Note] Shutting down plugin 'INNODB_CMP_RESET'
2019-06-29T13:40:55.077452Z 0 [Note] Shutting down plugin 'INNODB_CMP'
2019-06-29T13:40:55.077505Z 0 [Note] Shutting down plugin 'INNODB_LOCK_WAITS'
2019-06-29T13:40:55.077572Z 0 [Note] Shutting down plugin 'INNODB_LOCKS'
2019-06-29T13:40:55.077619Z 0 [Note] Shutting down plugin 'INNODB_TRX'
2019-06-29T13:40:55.077665Z 0 [Note] Shutting down plugin 'InnoDB'
2019-06-29T13:40:55.077871Z 0 [Note] InnoDB: FTS optimize thread exiting.
2019-06-29T13:40:55.078069Z 0 [Note] InnoDB: Starting shutdown...
2019-06-29T13:40:55.178693Z 0 [Note] InnoDB: Dumping buffer pool(s) to /var/lib/mysql/ib_buffer_pool
2019-06-29T13:40:55.179010Z 0 [Note] InnoDB: Buffer pool(s) dump completed at 190629 13:40:55
2019-06-29T13:40:56.390212Z 0 [Note] InnoDB: Shutdown completed; log sequence number 3423072
2019-06-29T13:40:56.392225Z 0 [Note] InnoDB: Removed temporary tablespace data file: "ibtmp1"
2019-06-29T13:40:56.392321Z 0 [Note] Shutting down plugin 'MEMORY'
2019-06-29T13:40:56.392441Z 0 [Note] Shutting down plugin 'CSV'
2019-06-29T13:40:56.392522Z 0 [Note] Shutting down plugin 'sha256_password'
2019-06-29T13:40:56.392599Z 0 [Note] Shutting down plugin 'mysql_native_password'
2019-06-29T13:40:56.392761Z 0 [Note] Shutting down plugin 'binlog'
2019-06-29T13:40:56.393172Z 0 [Note] /usr/sbin/mysqld: Shutdown complete

